2018-10-02 17:18:09.9274|INFO|Microsoft.EntityFrameworkCore.Database.Command|Executed DbCommand (28ms) [Parameters=[], CommandType='Text', CommandTimeout='30']
SELECT CASE
    WHEN EXISTS (
        SELECT 1
        FROM [Cities] AS [c])
    THEN CAST(1 AS BIT) ELSE CAST(0 AS BIT)
END
2018-10-02 17:18:10.1922|INFO|Microsoft.EntityFrameworkCore.Database.Command|Executed DbCommand (80ms) [Parameters=[@p0='?' (Size = 200), @p1='?' (Size = 50), @p2='?' (Size = 200), @p3='?' (Size = 50), @p4='?' (Size = 200), @p5='?' (Size = 50)], CommandType='Text', CommandTimeout='30']
SET NOCOUNT ON;
DECLARE @inserted0 TABLE ([Id] int, [_Position] [int]);
MERGE [Cities] USING (
VALUES (@p0, @p1, 0),
(@p2, @p3, 1),
(@p4, @p5, 2)) AS i ([Description], [Name], _Position) ON 1=0
WHEN NOT MATCHED THEN
INSERT ([Description], [Name])
VALUES (i.[Description], i.[Name])
OUTPUT INSERTED.[Id], i._Position
INTO @inserted0;

SELECT [t].[Id] FROM [Cities] t
INNER JOIN @inserted0 i ON ([t].[Id] = [i].[Id])
ORDER BY [i].[_Position];
2018-10-02 17:18:10.2610|INFO|Microsoft.EntityFrameworkCore.Database.Command|Executed DbCommand (31ms) [Parameters=[@p6='?', @p7='?' (Size = 200), @p8='?' (Size = 50), @p9='?', @p10='?' (Size = 200), @p11='?' (Size = 50), @p12='?', @p13='?' (Size = 200), @p14='?' (Size = 50), @p15='?', @p16='?' (Size = 200), @p17='?' (Size = 50), @p18='?', @p19='?' (Size = 200), @p20='?' (Size = 50), @p21='?', @p22='?' (Size = 200), @p23='?' (Size = 50)], CommandType='Text', CommandTimeout='30']
SET NOCOUNT ON;
DECLARE @inserted0 TABLE ([Id] int, [_Position] [int]);
MERGE [PointsOfInterest] USING (
VALUES (@p6, @p7, @p8, 0),
(@p9, @p10, @p11, 1),
(@p12, @p13, @p14, 2),
(@p15, @p16, @p17, 3),
(@p18, @p19, @p20, 4),
(@p21, @p22, @p23, 5)) AS i ([CityId], [Description], [Name], _Position) ON 1=0
WHEN NOT MATCHED THEN
INSERT ([CityId], [Description], [Name])
VALUES (i.[CityId], i.[Description], i.[Name])
OUTPUT INSERTED.[Id], i._Position
INTO @inserted0;

SELECT [t].[Id] FROM [PointsOfInterest] t
INNER JOIN @inserted0 i ON ([t].[Id] = [i].[Id])
ORDER BY [i].[_Position];
2018-10-02 17:18:11.6755|INFO|Microsoft.AspNetCore.Hosting.Internal.WebHost|Request starting HTTP/1.1 GET http://localhost:1028/api/cities application/json 
2018-10-02 17:18:11.6755|INFO|Microsoft.AspNetCore.Hosting.Internal.WebHost|Request starting HTTP/1.1 GET http://localhost:1028/  
2018-10-02 17:18:11.6755|INFO|Microsoft.AspNetCore.Hosting.Internal.WebHost|Request starting HTTP/1.1 DEBUG http://localhost:1028/  0
2018-10-02 17:18:11.7739|INFO|Microsoft.AspNetCore.Hosting.Internal.WebHost|Request finished in 167.9155ms 200 
2018-10-02 17:18:11.9241|INFO|Microsoft.AspNetCore.Hosting.Internal.WebHost|Request finished in 319.054ms 404 text/plain
2018-10-02 17:18:12.0662|INFO|Microsoft.EntityFrameworkCore.Infrastructure|Entity Framework Core 2.0.0-rtm-26452 initialized 'CityInfoContext' using provider 'Microsoft.EntityFrameworkCore.SqlServer' with options: None
2018-10-02 17:18:12.1937|INFO|Microsoft.EntityFrameworkCore.Database.Command|Executed DbCommand (97ms) [Parameters=[], CommandType='Text', CommandTimeout='30']
SELECT OBJECT_ID(N'__EFMigrationsHistory');
2018-10-02 17:18:12.2240|INFO|Microsoft.EntityFrameworkCore.Database.Command|Executed DbCommand (23ms) [Parameters=[], CommandType='Text', CommandTimeout='30']
SELECT OBJECT_ID(N'__EFMigrationsHistory');
2018-10-02 17:18:12.2682|INFO|Microsoft.EntityFrameworkCore.Database.Command|Executed DbCommand (27ms) [Parameters=[], CommandType='Text', CommandTimeout='30']
SELECT [MigrationId], [ProductVersion]
FROM [__EFMigrationsHistory]
ORDER BY [MigrationId];
2018-10-02 17:18:12.2682|INFO|Microsoft.EntityFrameworkCore.Migrations|No migrations were applied. The database is already up to date.
2018-10-02 17:18:12.3424|INFO|Microsoft.AspNetCore.Mvc.Internal.ControllerActionInvoker|Executing action method CityInfo.API.Controllers.CitiesController.GetCities (CityInfo.API) with arguments ((null)) - ModelState is Valid
2018-10-02 17:18:12.4090|INFO|Microsoft.EntityFrameworkCore.Database.Command|Executed DbCommand (33ms) [Parameters=[], CommandType='Text', CommandTimeout='30']
SELECT [c].[Id], [c].[Description], [c].[Name]
FROM [Cities] AS [c]
ORDER BY [c].[Name]
2018-10-02 17:18:12.4584|INFO|Microsoft.AspNetCore.Mvc.Internal.ObjectResultExecutor|Executing ObjectResult, writing value Microsoft.AspNetCore.Mvc.ControllerContext.
2018-10-02 17:18:12.5524|INFO|Microsoft.AspNetCore.Mvc.Internal.ControllerActionInvoker|Executed action CityInfo.API.Controllers.CitiesController.GetCities (CityInfo.API) in 517.4626ms
2018-10-02 17:18:12.5524|INFO|Microsoft.AspNetCore.Hosting.Internal.WebHost|Request finished in 956.6973ms 200 application/json; charset=utf-8
2018-10-02 17:18:31.2593|INFO|Microsoft.AspNetCore.Hosting.Internal.WebHost|Request starting HTTP/1.1 GET http://localhost:1028/api/cities  
2018-10-02 17:18:31.3048|INFO|Microsoft.EntityFrameworkCore.Infrastructure|Entity Framework Core 2.0.0-rtm-26452 initialized 'CityInfoContext' using provider 'Microsoft.EntityFrameworkCore.SqlServer' with options: None
2018-10-02 17:18:31.3745|INFO|Microsoft.EntityFrameworkCore.Database.Command|Executed DbCommand (35ms) [Parameters=[], CommandType='Text', CommandTimeout='30']
SELECT OBJECT_ID(N'__EFMigrationsHistory');
2018-10-02 17:18:31.4471|INFO|Microsoft.EntityFrameworkCore.Database.Command|Executed DbCommand (35ms) [Parameters=[], CommandType='Text', CommandTimeout='30']
SELECT OBJECT_ID(N'__EFMigrationsHistory');
2018-10-02 17:18:31.5159|INFO|Microsoft.EntityFrameworkCore.Database.Command|Executed DbCommand (53ms) [Parameters=[], CommandType='Text', CommandTimeout='30']
SELECT [MigrationId], [ProductVersion]
FROM [__EFMigrationsHistory]
ORDER BY [MigrationId];
2018-10-02 17:18:31.5284|INFO|Microsoft.EntityFrameworkCore.Migrations|No migrations were applied. The database is already up to date.
2018-10-02 17:18:31.5776|INFO|Microsoft.AspNetCore.Mvc.Internal.ControllerActionInvoker|Executing action method CityInfo.API.Controllers.CitiesController.GetCities (CityInfo.API) with arguments ((null)) - ModelState is Valid
2018-10-02 17:18:31.6653|INFO|Microsoft.EntityFrameworkCore.Database.Command|Executed DbCommand (68ms) [Parameters=[], CommandType='Text', CommandTimeout='30']
SELECT [c].[Id], [c].[Description], [c].[Name]
FROM [Cities] AS [c]
ORDER BY [c].[Name]
2018-10-02 17:18:31.6796|INFO|Microsoft.AspNetCore.Mvc.Internal.ObjectResultExecutor|Executing ObjectResult, writing value Microsoft.AspNetCore.Mvc.ControllerContext.
2018-10-02 17:18:31.6992|INFO|Microsoft.AspNetCore.Mvc.Internal.ControllerActionInvoker|Executed action CityInfo.API.Controllers.CitiesController.GetCities (CityInfo.API) in 420.4176ms
2018-10-02 17:18:31.7243|INFO|Microsoft.AspNetCore.Hosting.Internal.WebHost|Request finished in 468.2183ms 200 application/json; charset=utf-8
2018-10-02 17:19:36.1710|INFO|Microsoft.EntityFrameworkCore.Database.Command|Executed DbCommand (32ms) [Parameters=[], CommandType='Text', CommandTimeout='30']
SELECT CASE
    WHEN EXISTS (
        SELECT 1
        FROM [Cities] AS [c])
    THEN CAST(1 AS BIT) ELSE CAST(0 AS BIT)
END
2018-10-02 17:19:37.6925|INFO|Microsoft.AspNetCore.Hosting.Internal.WebHost|Request starting HTTP/1.1 DEBUG http://localhost:1028/  0
2018-10-02 17:19:37.6925|INFO|Microsoft.AspNetCore.Hosting.Internal.WebHost|Request starting HTTP/1.1 GET http://localhost:1028/  
2018-10-02 17:19:37.7658|INFO|Microsoft.AspNetCore.Hosting.Internal.WebHost|Request finished in 133.4306ms 200 
2018-10-02 17:19:37.8998|INFO|Microsoft.AspNetCore.Hosting.Internal.WebHost|Request finished in 269.3424ms 404 text/plain
2018-10-02 17:19:59.1328|INFO|Microsoft.AspNetCore.Hosting.Internal.WebHost|Request starting HTTP/1.1 GET http://localhost:1028/api/cities  
2018-10-02 17:19:59.3151|INFO|Microsoft.EntityFrameworkCore.Infrastructure|Entity Framework Core 2.0.0-rtm-26452 initialized 'CityInfoContext' using provider 'Microsoft.EntityFrameworkCore.SqlServer' with options: None
2018-10-02 17:19:59.4166|INFO|Microsoft.EntityFrameworkCore.Database.Command|Executed DbCommand (66ms) [Parameters=[], CommandType='Text', CommandTimeout='30']
SELECT OBJECT_ID(N'__EFMigrationsHistory');
2018-10-02 17:19:59.4614|INFO|Microsoft.EntityFrameworkCore.Database.Command|Executed DbCommand (32ms) [Parameters=[], CommandType='Text', CommandTimeout='30']
SELECT OBJECT_ID(N'__EFMigrationsHistory');
2018-10-02 17:19:59.5066|INFO|Microsoft.EntityFrameworkCore.Database.Command|Executed DbCommand (36ms) [Parameters=[], CommandType='Text', CommandTimeout='30']
SELECT [MigrationId], [ProductVersion]
FROM [__EFMigrationsHistory]
ORDER BY [MigrationId];
2018-10-02 17:19:59.5254|INFO|Microsoft.EntityFrameworkCore.Migrations|No migrations were applied. The database is already up to date.
2018-10-02 17:19:59.6112|INFO|Microsoft.AspNetCore.Mvc.Internal.ControllerActionInvoker|Executing action method CityInfo.API.Controllers.CitiesController.GetCities (CityInfo.API) with arguments ((null)) - ModelState is Valid
2018-10-02 17:19:59.6844|INFO|Microsoft.EntityFrameworkCore.Database.Command|Executed DbCommand (37ms) [Parameters=[], CommandType='Text', CommandTimeout='30']
SELECT [c].[Id], [c].[Description], [c].[Name]
FROM [Cities] AS [c]
ORDER BY [c].[Name]
2018-10-02 17:19:59.7577|INFO|Microsoft.AspNetCore.Mvc.Internal.ObjectResultExecutor|Executing ObjectResult, writing value Microsoft.AspNetCore.Mvc.ControllerContext.
2018-10-02 17:19:59.8421|INFO|Microsoft.AspNetCore.Mvc.Internal.ControllerActionInvoker|Executed action CityInfo.API.Controllers.CitiesController.GetCities (CityInfo.API) in 591.2267ms
2018-10-02 17:19:59.8504|INFO|Microsoft.AspNetCore.Hosting.Internal.WebHost|Request finished in 753.0318ms 200 application/json; charset=utf-8
